2019-06-14 10:01:47:136 org.springframework.web.context.ContextLoader:307 INFO  - Root WebApplicationContext: initialization started
2019-06-14 10:01:47:309 org.springframework.core.env.MutablePropertySources:109 DEBUG - Adding [servletConfigInitParams] PropertySource with lowest search precedence
2019-06-14 10:01:47:311 org.springframework.core.env.MutablePropertySources:109 DEBUG - Adding [servletContextInitParams] PropertySource with lowest search precedence
2019-06-14 10:01:47:315 org.springframework.core.env.MutablePropertySources:109 DEBUG - Adding [jndiProperties] PropertySource with lowest search precedence
2019-06-14 10:01:47:316 org.springframework.core.env.MutablePropertySources:109 DEBUG - Adding [systemProperties] PropertySource with lowest search precedence
2019-06-14 10:01:47:320 org.springframework.core.env.MutablePropertySources:109 DEBUG - Adding [systemEnvironment] PropertySource with lowest search precedence
2019-06-14 10:01:47:321 org.springframework.core.env.AbstractEnvironment:126 DEBUG - Initialized StandardServletEnvironment with PropertySources [servletConfigInitParams,servletContextInitParams,jndiProperties,systemProperties,systemEnvironment]
2019-06-14 10:01:47:327 org.springframework.core.env.MutablePropertySources:174 DEBUG - Replacing [servletContextInitParams] PropertySource with [servletContextInitParams]
2019-06-14 10:01:47:366 org.springframework.context.support.AbstractApplicationContext:573 INFO  - Refreshing Root WebApplicationContext: startup date [Fri Jun 14 10:01:47 ICT 2019]; root of context hierarchy
2019-06-14 10:01:47:406 org.springframework.core.env.MutablePropertySources:109 DEBUG - Adding [systemProperties] PropertySource with lowest search precedence
2019-06-14 10:01:47:411 org.springframework.core.env.MutablePropertySources:109 DEBUG - Adding [systemEnvironment] PropertySource with lowest search precedence
2019-06-14 10:01:47:414 org.springframework.core.env.AbstractEnvironment:126 DEBUG - Initialized StandardEnvironment with PropertySources [systemProperties,systemEnvironment]
2019-06-14 10:01:47:430 org.springframework.beans.factory.xml.XmlBeanDefinitionReader:317 INFO  - Loading XML bean definitions from ServletContext resource [/src/main/webapp/WEB-INF/mvc-dispatcher-servlet.xml]
2019-06-14 10:01:47:437 org.springframework.web.context.ContextLoader:353 ERROR - Context initialization failed
org.springframework.beans.factory.BeanDefinitionStoreException: IOException parsing XML document from ServletContext resource [/src/main/webapp/WEB-INF/mvc-dispatcher-servlet.xml]; nested exception is java.io.FileNotFoundException: Could not open ServletContext resource [/src/main/webapp/WEB-INF/mvc-dispatcher-servlet.xml]
	at org.springframework.beans.factory.xml.XmlBeanDefinitionReader.loadBeanDefinitions(XmlBeanDefinitionReader.java:344)
	at org.springframework.beans.factory.xml.XmlBeanDefinitionReader.loadBeanDefinitions(XmlBeanDefinitionReader.java:304)
	at org.springframework.beans.factory.support.AbstractBeanDefinitionReader.loadBeanDefinitions(AbstractBeanDefinitionReader.java:181)
	at org.springframework.beans.factory.support.AbstractBeanDefinitionReader.loadBeanDefinitions(AbstractBeanDefinitionReader.java:217)
	at org.springframework.beans.factory.support.AbstractBeanDefinitionReader.loadBeanDefinitions(AbstractBeanDefinitionReader.java:188)
	at org.springframework.web.context.support.XmlWebApplicationContext.loadBeanDefinitions(XmlWebApplicationContext.java:125)
	at org.springframework.web.context.support.XmlWebApplicationContext.loadBeanDefinitions(XmlWebApplicationContext.java:94)
	at org.springframework.context.support.AbstractRefreshableApplicationContext.refreshBeanFactory(AbstractRefreshableApplicationContext.java:129)
	at org.springframework.context.support.AbstractApplicationContext.obtainFreshBeanFactory(AbstractApplicationContext.java:604)
	at org.springframework.context.support.AbstractApplicationContext.refresh(AbstractApplicationContext.java:509)
	at org.springframework.web.context.ContextLoader.configureAndRefreshWebApplicationContext(ContextLoader.java:446)
	at org.springframework.web.context.ContextLoader.initWebApplicationContext(ContextLoader.java:328)
	at org.springframework.web.context.ContextLoaderListener.contextInitialized(ContextLoaderListener.java:107)
	at org.eclipse.jetty.server.handler.ContextHandler.callContextInitialized(ContextHandler.java:835)
	at org.eclipse.jetty.servlet.ServletContextHandler.callContextInitialized(ServletContextHandler.java:530)
	at org.eclipse.jetty.server.handler.ContextHandler.startContext(ContextHandler.java:808)
	at org.eclipse.jetty.servlet.ServletContextHandler.startContext(ServletContextHandler.java:342)
	at org.eclipse.jetty.webapp.WebAppContext.startWebapp(WebAppContext.java:1368)
	at org.eclipse.jetty.maven.plugin.JettyWebAppContext.startWebapp(JettyWebAppContext.java:320)
	at org.eclipse.jetty.webapp.WebAppContext.startContext(WebAppContext.java:1335)
	at org.eclipse.jetty.server.handler.ContextHandler.doStart(ContextHandler.java:772)
	at org.eclipse.jetty.servlet.ServletContextHandler.doStart(ServletContextHandler.java:259)
	at org.eclipse.jetty.webapp.WebAppContext.doStart(WebAppContext.java:511)
	at org.eclipse.jetty.maven.plugin.JettyWebAppContext.doStart(JettyWebAppContext.java:403)
	at org.eclipse.jetty.util.component.AbstractLifeCycle.start(AbstractLifeCycle.java:68)
	at org.eclipse.jetty.util.component.ContainerLifeCycle.start(ContainerLifeCycle.java:132)
	at org.eclipse.jetty.util.component.ContainerLifeCycle.doStart(ContainerLifeCycle.java:114)
	at org.eclipse.jetty.server.handler.AbstractHandler.doStart(AbstractHandler.java:61)
	at org.eclipse.jetty.server.handler.ContextHandlerCollection.doStart(ContextHandlerCollection.java:161)
	at org.eclipse.jetty.util.component.AbstractLifeCycle.start(AbstractLifeCycle.java:68)
	at org.eclipse.jetty.util.component.ContainerLifeCycle.start(ContainerLifeCycle.java:132)
	at org.eclipse.jetty.util.component.ContainerLifeCycle.doStart(ContainerLifeCycle.java:114)
	at org.eclipse.jetty.server.handler.AbstractHandler.doStart(AbstractHandler.java:61)
	at org.eclipse.jetty.util.component.AbstractLifeCycle.start(AbstractLifeCycle.java:68)
	at org.eclipse.jetty.util.component.ContainerLifeCycle.start(ContainerLifeCycle.java:132)
	at org.eclipse.jetty.server.Server.start(Server.java:405)
	at org.eclipse.jetty.util.component.ContainerLifeCycle.doStart(ContainerLifeCycle.java:106)
	at org.eclipse.jetty.server.handler.AbstractHandler.doStart(AbstractHandler.java:61)
	at org.eclipse.jetty.server.Server.doStart(Server.java:372)
	at org.eclipse.jetty.util.component.AbstractLifeCycle.start(AbstractLifeCycle.java:68)
	at org.eclipse.jetty.maven.plugin.AbstractJettyMojo.startJetty(AbstractJettyMojo.java:457)
	at org.eclipse.jetty.maven.plugin.AbstractJettyMojo.execute(AbstractJettyMojo.java:328)
	at org.eclipse.jetty.maven.plugin.JettyRunMojo.execute(JettyRunMojo.java:170)
	at org.apache.maven.plugin.DefaultBuildPluginManager.executeMojo(DefaultBuildPluginManager.java:137)
	at org.apache.maven.lifecycle.internal.MojoExecutor.execute(MojoExecutor.java:210)
	at org.apache.maven.lifecycle.internal.MojoExecutor.execute(MojoExecutor.java:156)
	at org.apache.maven.lifecycle.internal.MojoExecutor.execute(MojoExecutor.java:148)
	at org.apache.maven.lifecycle.internal.LifecycleModuleBuilder.buildProject(LifecycleModuleBuilder.java:117)
	at org.apache.maven.lifecycle.internal.LifecycleModuleBuilder.buildProject(LifecycleModuleBuilder.java:81)
	at org.apache.maven.lifecycle.internal.builder.singlethreaded.SingleThreadedBuilder.build(SingleThreadedBuilder.java:56)
	at org.apache.maven.lifecycle.internal.LifecycleStarter.execute(LifecycleStarter.java:128)
	at org.apache.maven.DefaultMaven.doExecute(DefaultMaven.java:305)
	at org.apache.maven.DefaultMaven.doExecute(DefaultMaven.java:192)
	at org.apache.maven.DefaultMaven.execute(DefaultMaven.java:105)
	at org.apache.maven.cli.MavenCli.execute(MavenCli.java:956)
	at org.apache.maven.cli.MavenCli.doMain(MavenCli.java:288)
	at org.apache.maven.cli.MavenCli.main(MavenCli.java:192)
	at sun.reflect.NativeMethodAccessorImpl.invoke0(Native Method)
	at sun.reflect.NativeMethodAccessorImpl.invoke(NativeMethodAccessorImpl.java:62)
	at sun.reflect.DelegatingMethodAccessorImpl.invoke(DelegatingMethodAccessorImpl.java:43)
	at java.lang.reflect.Method.invoke(Method.java:498)
	at org.codehaus.plexus.classworlds.launcher.Launcher.launchEnhanced(Launcher.java:282)
	at org.codehaus.plexus.classworlds.launcher.Launcher.launch(Launcher.java:225)
	at org.codehaus.plexus.classworlds.launcher.Launcher.mainWithExitCode(Launcher.java:406)
	at org.codehaus.plexus.classworlds.launcher.Launcher.main(Launcher.java:347)
Caused by: java.io.FileNotFoundException: Could not open ServletContext resource [/src/main/webapp/WEB-INF/mvc-dispatcher-servlet.xml]
	at org.springframework.web.context.support.ServletContextResource.getInputStream(ServletContextResource.java:141)
	at org.springframework.beans.factory.xml.XmlBeanDefinitionReader.loadBeanDefinitions(XmlBeanDefinitionReader.java:330)
	... 64 more
